SF:lib/core/http_client/http_client.dart
DA:14,0
DA:17,0
DA:19,0
DA:20,0
DA:21,0
DA:22,0
DA:26,0
DA:29,0
DA:33,0
DA:34,0
DA:35,0
DA:36,0
DA:37,0
DA:39,0
DA:41,0
DA:43,0
DA:46,0
LF:17
LH:0
end_of_record
SF:lib/features/goNow/data/datasources/gonow_remote_datasource.dart
DA:12,1
DA:14,1
DA:16,2
DA:17,1
LF:4
LH:4
end_of_record
SF:lib/features/goNow/data/models/data_model.dart
DA:15,4
DA:25,8
DA:26,4
DA:27,4
DA:28,4
DA:29,4
DA:30,4
DA:31,8
DA:32,20
DA:35,6
DA:36,3
DA:37,3
DA:38,3
DA:39,3
DA:40,3
DA:41,3
DA:42,15
DA:44,1
DA:45,1
DA:46,1
DA:47,1
DA:48,1
DA:49,1
DA:50,1
DA:51,1
DA:52,1
LF:26
LH:26
end_of_record
SF:lib/features/goNow/data/models/result_model.dart
DA:11,4
DA:17,8
DA:18,4
DA:19,8
DA:20,4
DA:23,6
DA:24,3
DA:25,6
DA:26,3
DA:28,1
DA:29,1
DA:30,1
DA:31,1
DA:32,1
LF:14
LH:14
end_of_record
SF:lib/injection_container.dart
DA:13,0
DA:15,0
DA:16,0
DA:17,0
DA:19,0
DA:20,0
DA:21,0
DA:25,0
DA:26,0
DA:27,0
DA:31,0
DA:32,0
DA:33,0
DA:37,0
DA:38,0
DA:39,0
DA:43,0
LF:17
LH:0
end_of_record
SF:lib/features/goNow/data/models/category_itens_model.dart
DA:7,4
DA:12,8
DA:13,4
DA:14,4
DA:17,6
DA:18,3
DA:19,3
DA:22,1
DA:23,1
DA:24,1
DA:25,1
LF:11
LH:11
end_of_record
SF:lib/features/goNow/domain/entities/category_itens_entity.dart
DA:7,3
DA:11,2
DA:12,2
DA:13,2
DA:14,2
LF:5
LH:5
end_of_record
SF:lib/features/goNow/domain/entities/data_entity.dart
DA:14,3
DA:24,2
DA:25,2
DA:26,2
DA:27,2
DA:28,2
DA:29,2
DA:30,2
DA:31,2
DA:32,2
LF:10
LH:10
end_of_record
SF:lib/features/goNow/data/models/motels_model.dart
DA:16,4
DA:27,8
DA:28,4
DA:29,4
DA:30,4
DA:31,4
DA:32,4
DA:33,20
DA:34,4
DA:35,4
DA:38,6
DA:39,3
DA:40,3
DA:41,3
DA:42,3
DA:43,3
DA:44,15
DA:45,3
DA:46,3
DA:49,1
DA:50,1
DA:51,1
DA:52,1
DA:53,1
DA:54,1
DA:55,1
DA:56,1
DA:57,1
DA:58,1
LF:29
LH:29
end_of_record
SF:lib/features/goNow/data/models/itens_model.dart
DA:6,4
DA:10,8
DA:11,4
DA:14,6
DA:15,3
DA:17,1
DA:18,1
DA:19,1
LF:8
LH:8
end_of_record
SF:lib/features/goNow/domain/entities/itens_entity.dart
DA:6,3
DA:10,2
DA:11,4
LF:3
LH:3
end_of_record
SF:lib/features/goNow/domain/entities/motels_entity.dart
DA:15,3
DA:26,2
DA:27,2
DA:28,2
DA:29,2
DA:30,2
DA:31,2
DA:32,2
DA:33,2
DA:34,2
DA:35,2
LF:11
LH:11
end_of_record
SF:lib/features/goNow/data/models/suites_model.dart
DA:17,4
DA:27,8
DA:28,4
DA:29,4
DA:30,4
DA:31,20
DA:32,20
DA:33,20
DA:34,20
DA:37,6
DA:38,3
DA:39,3
DA:40,3
DA:41,3
DA:42,15
DA:43,15
DA:44,15
DA:47,1
DA:48,1
DA:49,1
DA:50,1
DA:51,1
DA:52,1
DA:53,1
DA:54,1
DA:55,1
LF:26
LH:26
end_of_record
SF:lib/features/goNow/data/models/periods_model.dart
DA:10,4
DA:18,8
DA:19,4
DA:20,4
DA:21,8
DA:22,8
DA:23,4
DA:26,6
DA:27,3
DA:28,3
DA:29,3
DA:30,3
DA:31,3
DA:33,1
DA:34,1
DA:35,1
DA:36,1
DA:37,1
DA:38,1
DA:39,1
LF:20
LH:20
end_of_record
SF:lib/features/goNow/domain/entities/periods_entity.dart
DA:9,3
DA:16,2
DA:17,2
DA:18,2
DA:19,2
DA:20,2
DA:21,2
DA:22,2
LF:8
LH:8
end_of_record
SF:lib/features/goNow/domain/entities/result_entity.dart
DA:9,3
DA:14,2
DA:15,2
DA:16,2
DA:17,2
DA:18,2
LF:6
LH:6
end_of_record
SF:lib/features/goNow/domain/entities/suites_entity.dart
DA:15,3
DA:25,2
DA:26,2
DA:27,2
DA:28,2
DA:29,2
DA:30,2
DA:31,2
DA:32,2
DA:33,2
LF:10
LH:10
end_of_record
SF:lib/features/goNow/data/repositories/gonow_repository_impl.dart
DA:8,1
DA:10,1
DA:12,2
DA:13,1
LF:4
LH:4
end_of_record
SF:lib/features/goNow/domain/usecases/gonow_usecase.dart
DA:8,1
DA:12,1
DA:13,2
LF:3
LH:3
end_of_record
SF:lib/features/goNow/presentation/cubit/gonow_state.dart
DA:4,1
DA:6,1
DA:7,1
DA:16,1
DA:23,0
LF:5
LH:4
end_of_record
SF:lib/features/goNow/presentation/cubit/gonow_cubit.dart
DA:10,3
DA:12,1
DA:13,2
DA:14,2
DA:15,1
DA:16,1
LF:6
LH:6
end_of_record
